1582915169.687571 client started (13631): version 3.0a, socket /private/tmp/tmux-501/default, protocol 8
1582915169.687608 on Darwin 19.3.0 Darwin Kernel Version 19.3.0: Thu Jan  9 20:58:23 PST 2020; root:xnu-6153.81.5~1/RELEASE_X86_64; libevent 2.1.11-stable (select)
1582915169.687642 socket is /private/tmp/tmux-501/default
1582915169.687659 trying connect
1582915169.687730 add peer 0x10143c000: 6 (0x0)
1582915169.688577 sending message 100 to peer 0x10143c000 (4 bytes)
1582915169.688608 sending message 101 to peer 0x10143c000 (16 bytes)
1582915169.688616 sending message 102 to peer 0x10143c000 (13 bytes)
1582915169.688622 sending message 108 to peer 0x10143c000 (47 bytes)
1582915169.688635 sending message 104 to peer 0x10143c000 (0 bytes)
1582915169.688642 sending message 107 to peer 0x10143c000 (4 bytes)
1582915169.688648 sending message 105 to peer 0x10143c000 (11 bytes)
1582915169.688654 sending message 105 to peer 0x10143c000 (22 bytes)
1582915169.688660 sending message 105 to peer 0x10143c000 (17 bytes)
1582915169.688666 sending message 105 to peer 0x10143c000 (18 bytes)
1582915169.688672 sending message 105 to peer 0x10143c000 (54 bytes)
1582915169.688678 sending message 105 to peer 0x10143c000 (98 bytes)
1582915169.688685 sending message 105 to peer 0x10143c000 (51 bytes)
1582915169.688691 sending message 105 to peer 0x10143c000 (15 bytes)
1582915169.688697 sending message 105 to peer 0x10143c000 (8 bytes)
1582915169.688703 sending message 105 to peer 0x10143c000 (66 bytes)
1582915169.688709 sending message 105 to peer 0x10143c000 (21 bytes)
1582915169.688717 sending message 105 to peer 0x10143c000 (28 bytes)
1582915169.688723 sending message 105 to peer 0x10143c000 (25 bytes)
1582915169.688730 sending message 105 to peer 0x10143c000 (53 bytes)
1582915169.688736 sending message 105 to peer 0x10143c000 (57 bytes)
1582915169.688742 sending message 105 to peer 0x10143c000 (43 bytes)
1582915169.688748 sending message 105 to peer 0x10143c000 (13 bytes)
1582915169.688754 sending message 105 to peer 0x10143c000 (15 bytes)
1582915169.688760 sending message 105 to peer 0x10143c000 (14 bytes)
1582915169.688766 sending message 105 to peer 0x10143c000 (19 bytes)
1582915169.688772 sending message 105 to peer 0x10143c000 (22 bytes)
1582915169.688778 sending message 106 to peer 0x10143c000 (0 bytes)
1582915169.688785 sending message 200 to peer 0x10143c000 (4 bytes)
1582915169.688791 client loop enter
1582915169.689153 peer 0x10143c000 message 211
1582915169.689168 client_write: sessions should be nested with care, unset $TMUX to force\n
1582915169.689186 peer 0x10143c000 message 203
1582915169.689193 client loop exit
